<?xml version="1.0" encoding="UTF-8"?>
<!-- Generated by org.testng.reporters.JUnitXMLReporter -->
<testsuite hostname="Ashok-PC" name="MavenTest" tests="1" failures="1" timestamp="1 Oct 2016 01:56:30 GMT" time="11.965" errors="0">
  <testcase name="firstTestCase" time="0.402" classname="com.pack.MavenJenkinsTestCase">
    <failure type="java.lang.AssertionError" message="expected [true] but found [false]">
      <![CDATA[java.lang.AssertionError: expected [true] but found [false]
	at com.pack.MavenJenkinsTestCase.firstTestCase(MavenJenkinsTestCase.java:35)
... Removed 28 stack frames]]>
    </failure>
  </testcase> <!-- firstTestCase -->
</testsuite> <!-- MavenTest -->
